0 verbose cli /usr/bin/node /usr/bin/npm
1 info using npm@10.8.2
2 info using node@v20.20.1
3 silly config load:file:/usr/lib/node_modules/npm/npmrc
4 silly config load:file:/var/www/.npmrc
5 silly config load:file:/usr/etc/npmrc
6 verbose title npm run build
7 verbose argv "run" "build"
8 verbose logfile logs-max:10 dir:/var/www/.npm/_logs/2026-03-17T18_49_53_714Z-
9 verbose logfile /var/www/.npm/_logs/2026-03-17T18_49_53_714Z-debug-0.log
10 silly logfile done cleaning log files
11 http fetch GET 200 https://registry.npmjs.org/npm 174ms
12 verbose cwd /var/www
13 verbose os Linux 6.6.87.2-microsoft-standard-WSL2
14 verbose node v20.20.1
15 verbose npm  v10.8.2
16 notice
16 notice New [31mmajor[39m version of npm available! [31m10.8.2[39m -> [34m11.11.1[39m
16 notice Changelog: [34mhttps://github.com/npm/cli/releases/tag/v11.11.1[39m
16 notice To update run: [4mnpm install -g npm@11.11.1[24m
16 notice  { force: true, [Symbol(proc-log.meta)]: true }
17 verbose exit 0
18 info ok
